<?xml version="1.0" encoding="UTF-8"?>
<testng-results skipped="0" failed="2" ignored="0" total="4" passed="2">
  <reporter-output>
  </reporter-output>
  <suite name="Default suite" duration-ms="58883" started-at="2019-06-24T12:44:47Z" finished-at="2019-06-24T12:45:46Z">
    <groups>
    </groups>
    <test name="Default test" duration-ms="58883" started-at="2019-06-24T12:44:47Z" finished-at="2019-06-24T12:45:46Z">
      <class name="bac_pack.Login_Roles">
        <test-method status="PASS" signature="loginvalidation(java.lang.String, java.lang.String, java.lang.String)[pri:1, instance:bac_pack.Login_Roles@d8355a8]" name="loginvalidation" duration-ms="21193" started-at="2019-06-24T12:44:48Z" data-provider="getData1" finished-at="2019-06-24T12:45:09Z">
          <params>
            <param index="0">
              <value>
                <![CDATA[mjeela+3@compindia.com]]>
              </value>
            </param>
            <param index="1">
              <value>
                <![CDATA[test123@]]>
              </value>
            </param>
            <param index="2">
              <value>
                <![CDATA[Admin]]>
              </value>
            </param>
          </params>
          <reporter-output>
          </reporter-output>
        </test-method> <!-- loginvalidation -->
        <test-method status="PASS" signature="teardown()[pri:0, instance:bac_pack.Login_Roles@d8355a8]" name="teardown" is-config="true" duration-ms="146" started-at="2019-06-24T12:45:09Z" finished-at="2019-06-24T12:45:09Z">
          <reporter-output>
          </reporter-output>
        </test-method> <!-- teardown -->
        <test-method status="PASS" signature="loginvalidation(java.lang.String, java.lang.String, java.lang.String)[pri:1, instance:bac_pack.Login_Roles@d8355a8]" name="loginvalidation" duration-ms="15758" started-at="2019-06-24T12:45:09Z" data-provider="getData1" finished-at="2019-06-24T12:45:25Z">
          <params>
            <param index="0">
              <value>
                <![CDATA[mjeela@compindia.com]]>
              </value>
            </param>
            <param index="1">
              <value>
                <![CDATA[test123@]]>
              </value>
            </param>
            <param index="2">
              <value>
                <![CDATA[Super Admin]]>
              </value>
            </param>
          </params>
          <reporter-output>
          </reporter-output>
        </test-method> <!-- loginvalidation -->
        <test-method status="PASS" signature="teardown()[pri:0, instance:bac_pack.Login_Roles@d8355a8]" name="teardown" is-config="true" duration-ms="239" started-at="2019-06-24T12:45:25Z" finished-at="2019-06-24T12:45:25Z">
          <reporter-output>
          </reporter-output>
        </test-method> <!-- teardown -->
        <test-method status="FAIL" signature="loginvalidation(java.lang.String, java.lang.String, java.lang.String)[pri:1, instance:bac_pack.Login_Roles@d8355a8]" name="loginvalidation" duration-ms="10890" started-at="2019-06-24T12:45:25Z" data-provider="getData1" finished-at="2019-06-24T12:45:36Z">
          <params>
            <param index="0">
              <value is-null="true"/>
            </param>
            <param index="1">
              <value is-null="true"/>
            </param>
            <param index="2">
              <value is-null="true"/>
            </param>
          </params>
          <exception class="java.lang.IllegalArgumentException">
            <message>
              <![CDATA[Keys to send should be a not null CharSequence]]>
            </message>
            <full-stacktrace>
              <![CDATA[java.lang.IllegalArgumentException: Keys to send should be a not null CharSequence
at org.openqa.selenium.remote.RemoteWebElement.sendKeys(RemoteWebElement.java:97)
at sun.reflect.NativeMethodAccessorImpl.invoke0(Native Method)
at sun.reflect.NativeMethodAccessorImpl.invoke(NativeMethodAccessorImpl.java:62)
at sun.reflect.DelegatingMethodAccessorImpl.invoke(DelegatingMethodAccessorImpl.java:43)
at java.lang.reflect.Method.invoke(Method.java:498)
at org.openqa.selenium.support.pagefactory.internal.LocatingElementHandler.invoke(LocatingElementHandler.java:51)
at com.sun.proxy.$Proxy9.sendKeys(Unknown Source)
at bac_pack.Login_Roles.loginvalidation(Login_Roles.java:30)
at sun.reflect.NativeMethodAccessorImpl.invoke0(Native Method)
at sun.reflect.NativeMethodAccessorImpl.invoke(NativeMethodAccessorImpl.java:62)
at sun.reflect.DelegatingMethodAccessorImpl.invoke(DelegatingMethodAccessorImpl.java:43)
at java.lang.reflect.Method.invoke(Method.java:498)
at org.testng.internal.MethodInvocationHelper.invokeMethod(MethodInvocationHelper.java:124)
at org.testng.internal.Invoker.invokeMethod(Invoker.java:583)
at org.testng.internal.Invoker.invokeTestMethod(Invoker.java:719)
at org.testng.internal.Invoker.invokeTestMethods(Invoker.java:989)
at org.testng.internal.TestMethodWorker.invokeTestMethods(TestMethodWorker.java:125)
at org.testng.internal.TestMethodWorker.run(TestMethodWorker.java:109)
at org.testng.TestRunner.privateRun(TestRunner.java:648)
at org.testng.TestRunner.run(TestRunner.java:505)
at org.testng.SuiteRunner.runTest(SuiteRunner.java:455)
at org.testng.SuiteRunner.runSequentially(SuiteRunner.java:450)
at org.testng.SuiteRunner.privateRun(SuiteRunner.java:415)
at org.testng.SuiteRunner.run(SuiteRunner.java:364)
at org.testng.SuiteRunnerWorker.runSuite(SuiteRunnerWorker.java:52)
at org.testng.SuiteRunnerWorker.run(SuiteRunnerWorker.java:84)
at org.testng.TestNG.runSuitesSequentially(TestNG.java:1208)
at org.testng.TestNG.runSuitesLocally(TestNG.java:1137)
at org.testng.TestNG.runSuites(TestNG.java:1049)
at org.testng.TestNG.run(TestNG.java:1017)
at org.testng.remote.AbstractRemoteTestNG.run(AbstractRemoteTestNG.java:115)
at org.testng.remote.RemoteTestNG.initAndRun(RemoteTestNG.java:251)
at org.testng.remote.RemoteTestNG.main(RemoteTestNG.java:77)
]]>
            </full-stacktrace>
          </exception> <!-- java.lang.IllegalArgumentException -->
          <reporter-output>
          </reporter-output>
        </test-method> <!-- loginvalidation -->
        <test-method status="PASS" signature="teardown()[pri:0, instance:bac_pack.Login_Roles@d8355a8]" name="teardown" is-config="true" duration-ms="124" started-at="2019-06-24T12:45:36Z" finished-at="2019-06-24T12:45:36Z">
          <reporter-output>
          </reporter-output>
        </test-method> <!-- teardown -->
        <test-method status="FAIL" signature="Login_Tagwritervalidation()[pri:2, instance:bac_pack.Login_Roles@d8355a8]" name="Login_Tagwritervalidation" duration-ms="10189" started-at="2019-06-24T12:45:36Z" finished-at="2019-06-24T12:45:46Z">
          <exception class="java.lang.AssertionError">
            <message>
              <![CDATA[expected [You are not authorized to access this web page. Contact administrator.] but found [×
You are not authorized to access this web page. Contact administrator.]]]>
            </message>
            <full-stacktrace>
              <![CDATA[java.lang.AssertionError: expected [You are not authorized to access this web page. Contact administrator.] but found [×
You are not authorized to access this web page. Contact administrator.]
at org.testng.Assert.fail(Assert.java:96)
at org.testng.Assert.failNotEquals(Assert.java:776)
at org.testng.Assert.assertEqualsImpl(Assert.java:137)
at org.testng.Assert.assertEquals(Assert.java:118)
at org.testng.Assert.assertEquals(Assert.java:453)
at org.testng.Assert.assertEquals(Assert.java:463)
at bac_pack.Login_Roles.Login_Tagwritervalidation(Login_Roles.java:55)
at sun.reflect.NativeMethodAccessorImpl.invoke0(Native Method)
at sun.reflect.NativeMethodAccessorImpl.invoke(NativeMethodAccessorImpl.java:62)
at sun.reflect.DelegatingMethodAccessorImpl.invoke(DelegatingMethodAccessorImpl.java:43)
at java.lang.reflect.Method.invoke(Method.java:498)
at org.testng.internal.MethodInvocationHelper.invokeMethod(MethodInvocationHelper.java:124)
at org.testng.internal.Invoker.invokeMethod(Invoker.java:583)
at org.testng.internal.Invoker.invokeTestMethod(Invoker.java:719)
at org.testng.internal.Invoker.invokeTestMethods(Invoker.java:989)
at org.testng.internal.TestMethodWorker.invokeTestMethods(TestMethodWorker.java:125)
at org.testng.internal.TestMethodWorker.run(TestMethodWorker.java:109)
at org.testng.TestRunner.privateRun(TestRunner.java:648)
at org.testng.TestRunner.run(TestRunner.java:505)
at org.testng.SuiteRunner.runTest(SuiteRunner.java:455)
at org.testng.SuiteRunner.runSequentially(SuiteRunner.java:450)
at org.testng.SuiteRunner.privateRun(SuiteRunner.java:415)
at org.testng.SuiteRunner.run(SuiteRunner.java:364)
at org.testng.SuiteRunnerWorker.runSuite(SuiteRunnerWorker.java:52)
at org.testng.SuiteRunnerWorker.run(SuiteRunnerWorker.java:84)
at org.testng.TestNG.runSuitesSequentially(TestNG.java:1208)
at org.testng.TestNG.runSuitesLocally(TestNG.java:1137)
at org.testng.TestNG.runSuites(TestNG.java:1049)
at org.testng.TestNG.run(TestNG.java:1017)
at org.testng.remote.AbstractRemoteTestNG.run(AbstractRemoteTestNG.java:115)
at org.testng.remote.RemoteTestNG.initAndRun(RemoteTestNG.java:251)
at org.testng.remote.RemoteTestNG.main(RemoteTestNG.java:77)
]]>
            </full-stacktrace>
          </exception> <!-- java.lang.AssertionError -->
          <reporter-output>
          </reporter-output>
        </test-method> <!-- Login_Tagwritervalidation -->
        <test-method status="PASS" signature="teardown()[pri:0, instance:bac_pack.Login_Roles@d8355a8]" name="teardown" is-config="true" duration-ms="242" started-at="2019-06-24T12:45:46Z" finished-at="2019-06-24T12:45:46Z">
          <reporter-output>
          </reporter-output>
        </test-method> <!-- teardown -->
      </class> <!-- bac_pack.Login_Roles -->
    </test> <!-- Default test -->
  </suite> <!-- Default suite -->
</testng-results>
